Using pre-set license
Built from '2020.2/release' branch; Version is '2020.2.2f1 (068178b99f32) revision 426360'; Using compiler version '192528614'; Build Type 'Release'
OS: 'Windows 10 Home Single Language; OS build 18363.1082; Version 1909; 64bit' Language: 'pt' Physical Memory: 8064 MB
BatchMode: 1, IsHumanControllingUs: 0, StartBugReporterOnCrash: 0, Is64bit: 1, IsPro: 0

 COMMAND LINE ARGUMENTS:
C:\Program Files\Unity\Hub\Editor\2020.2.2f1\Editor\Unity.exe
-adb2
-batchMode
-noUpm
-name
AssetImportWorker2
-projectPath
C:/Users/Dell/Documents/Jogos/Global Game Jam 2021
-logFile
Logs/AssetImportWorker2.log
-srvPort
51279
Successfully changed project path to: C:/Users/Dell/Documents/Jogos/Global Game Jam 2021
C:/Users/Dell/Documents/Jogos/Global Game Jam 2021
Using Asset Import Pipeline V2.
Refreshing native plugins compatible for Editor in 49.55 ms, found 3 plugins.
Preloading 0 native plugins for Editor in 0.00 ms.
Initialize engine version: 2020.2.2f1 (068178b99f32)
[Subsystems] Discovering subsystems at path C:/Program Files/Unity/Hub/Editor/2020.2.2f1/Editor/Data/Resources/UnitySubsystems
[Subsystems] Discovering subsystems at path C:/Users/Dell/Documents/Jogos/Global Game Jam 2021/Assets
GfxDevice: creating device client; threaded=0
Direct3D:
    Version:  Direct3D 11.0 [level 11.0]
    Renderer: NVIDIA GeForce MX130 (ID=0x174d)
    Vendor:   
    VRAM:     2010 MB
    Driver:   27.21.14.5167
Initialize mono
Mono path[0] = 'C:/Program Files/Unity/Hub/Editor/2020.2.2f1/Editor/Data/Managed'
Mono path[1] = 'C:/Program Files/Unity/Hub/Editor/2020.2.2f1/Editor/Data/MonoBleedingEdge/lib/mono/unityjit'
Mono config path = 'C:/Program Files/Unity/Hub/Editor/2020.2.2f1/Editor/Data/MonoBleedingEdge/etc'
Using monoOptions --debugger-agent=transport=dt_socket,embedding=1,server=y,suspend=n,address=127.0.0.1:56204
Begin MonoManager ReloadAssembly
Registering precompiled unity dll's ...
Register platform support module: C:/Program Files/Unity/Hub/Editor/2020.2.2f1/Editor/Data/PlaybackEngines/WindowsStandaloneSupport/UnityEditor.WindowsStandalone.Extensions.dll
Registered in 0.001985 seconds.
Native extension for WindowsStandalone target not found
Refreshing native plugins compatible for Editor in 41.74 ms, found 3 plugins.
Preloading 0 native plugins for Editor in 0.00 ms.
Invoked RoslynAnalysisRunner static constructor.
RoslynAnalysisRunner will not be running.
RoslynAnalysisRunner has terminated.
Mono: successfully reloaded assembly
- Completed reload, in  2.084 seconds
Platform modules already initialized, skipping
Registering precompiled user dll's ...
Registered in 0.003935 seconds.
Begin MonoManager ReloadAssembly
Native extension for WindowsStandalone target not found
Refreshing native plugins compatible for Editor in 36.01 ms, found 3 plugins.
Preloading 0 native plugins for Editor in 0.00 ms.
Invoked RoslynAnalysisRunner static constructor.
RoslynAnalysisRunner will not be running.
RoslynAnalysisRunner has terminated.
RefreshInfo: StopAssetImportingV2(NoUpdateAssetOptions) scanfilter: 
RefreshProfiler: Total: 0.000ms
Mono: successfully reloaded assembly
- Completed reload, in  0.827 seconds
Platform modules already initialized, skipping
========================================================================
Worker process is ready to serve import requests
Launched and connected shader compiler UnityShaderCompiler.exe after 0.34 seconds
Refreshing native plugins compatible for Editor in 0.65 ms, found 3 plugins.
Preloading 0 native plugins for Editor in 0.00 ms.
Unloading 8 Unused Serialized files (Serialized files now loaded: 0)
System memory in use before: 50.1 MB.
System memory in use after: 50.2 MB.

Unloading 76 unused Assets to reduce memory usage. Loaded Objects now: 2288.
Total: 1.849100 ms (FindLiveObjects: 0.205300 ms CreateObjectMapping: 0.105200 ms MarkObjects: 1.454700 ms  DeleteObjects: 0.083000 ms)

========================================================================
Received Import Request.
  path: Assets/Prefab/EnemyS/EnemyUnit.prefab
  artifactKey: Guid(7edf7d4b7efdd2b48b646a76d48a75e0) Importer(815301076,1909f56bfc062723c751e8b465ee728b)
Start importing Assets/Prefab/EnemyS/EnemyUnit.prefab using Guid(7edf7d4b7efdd2b48b646a76d48a75e0) Importer(815301076,1909f56bfc062723c751e8b465ee728b)  -> (artifact id: '7358bbb2ffed944ad0757c7b06125ccd') in 0.257800 seconds
  Import took 0.261215 seconds .

========================================================================
Received Prepare
Registering precompiled user dll's ...
Registered in 0.003612 seconds.
Begin MonoManager ReloadAssembly
Native extension for WindowsStandalone target not found
Refreshing native plugins compatible for Editor in 0.73 ms, found 3 plugins.
Preloading 0 native plugins for Editor in 0.00 ms.
Invoked RoslynAnalysisRunner static constructor.
RoslynAnalysisRunner will not be running.
RoslynAnalysisRunner has terminated.
RefreshInfo: StopAssetImportingV2(NoUpdateAssetOptions) scanfilter: 
RefreshProfiler: Total: 0.000ms
Mono: successfully reloaded assembly
- Completed reload, in  0.816 seconds
Platform modules already initialized, skipping
Refreshing native plugins compatible for Editor in 0.81 ms, found 3 plugins.
Preloading 0 native plugins for Editor in 0.00 ms.
Unloading 2 Unused Serialized files (Serialized files now loaded: 0)
System memory in use before: 53.3 MB.
System memory in use after: 53.4 MB.

Unloading 67 unused Assets to reduce memory usage. Loaded Objects now: 2297.
Total: 2.109600 ms (FindLiveObjects: 0.208700 ms CreateObjectMapping: 0.068700 ms MarkObjects: 1.759600 ms  DeleteObjects: 0.071900 ms)

========================================================================
Received Prepare
Registering precompiled user dll's ...
Registered in 0.003505 seconds.
Begin MonoManager ReloadAssembly
Native extension for WindowsStandalone target not found
Refreshing native plugins compatible for Editor in 3.03 ms, found 3 plugins.
Preloading 0 native plugins for Editor in 0.00 ms.
Invoked RoslynAnalysisRunner static constructor.
RoslynAnalysisRunner will not be running.
RoslynAnalysisRunner has terminated.
RefreshInfo: StopAssetImportingV2(NoUpdateAssetOptions) scanfilter: 
RefreshProfiler: Total: 0.000ms
Mono: successfully reloaded assembly
- Completed reload, in  0.817 seconds
Platform modules already initialized, skipping
Refreshing native plugins compatible for Editor in 0.79 ms, found 3 plugins.
Preloading 0 native plugins for Editor in 0.00 ms.
Unloading 2 Unused Serialized files (Serialized files now loaded: 0)
System memory in use before: 53.4 MB.
System memory in use after: 53.5 MB.

Unloading 65 unused Assets to reduce memory usage. Loaded Objects now: 2299.
Total: 2.217900 ms (FindLiveObjects: 0.280300 ms CreateObjectMapping: 0.075300 ms MarkObjects: 1.834600 ms  DeleteObjects: 0.026600 ms)

========================================================================
Received Import Request.
  Time since last request: 275.577185 seconds.
  path: Assets/Prefab/EnemyS/EnemyUnit.prefab
  artifactKey: Guid(7edf7d4b7efdd2b48b646a76d48a75e0) Importer(815301076,1909f56bfc062723c751e8b465ee728b)
Start importing Assets/Prefab/EnemyS/EnemyUnit.prefab using Guid(7edf7d4b7efdd2b48b646a76d48a75e0) Importer(815301076,1909f56bfc062723c751e8b465ee728b)  -> (artifact id: '39a816a0d4dfca2f01a80ac47de97111') in 0.052139 seconds
  Import took 0.056355 seconds .

========================================================================
Received Import Request.
  Time since last request: 11.624585 seconds.
  path: Assets/Prefab/EnemyS/BulletEnemy.prefab
  artifactKey: Guid(8f288d0b6d38cae4ca5ddd1aad924a1a) Importer(815301076,1909f56bfc062723c751e8b465ee728b)
Start importing Assets/Prefab/EnemyS/BulletEnemy.prefab using Guid(8f288d0b6d38cae4ca5ddd1aad924a1a) Importer(815301076,1909f56bfc062723c751e8b465ee728b)  -> (artifact id: '60f4cd16ea25a7cfdca0914495c4af24') in 0.026157 seconds
  Import took 0.030492 seconds .

========================================================================
Received Prepare
Registering precompiled user dll's ...
Registered in 0.004547 seconds.
Begin MonoManager ReloadAssembly
Native extension for WindowsStandalone target not found
Refreshing native plugins compatible for Editor in 0.76 ms, found 3 plugins.
Preloading 0 native plugins for Editor in 0.00 ms.
Invoked RoslynAnalysisRunner static constructor.
RoslynAnalysisRunner will not be running.
RoslynAnalysisRunner has terminated.
RefreshInfo: StopAssetImportingV2(NoUpdateAssetOptions) scanfilter: 
RefreshProfiler: Total: 0.000ms
Mono: successfully reloaded assembly
- Completed reload, in  0.741 seconds
Platform modules already initialized, skipping
Refreshing native plugins compatible for Editor in 0.69 ms, found 3 plugins.
Preloading 0 native plugins for Editor in 0.00 ms.
Unloading 2 Unused Serialized files (Serialized files now loaded: 0)
System memory in use before: 53.5 MB.
System memory in use after: 53.7 MB.

Unloading 67 unused Assets to reduce memory usage. Loaded Objects now: 2302.
Total: 2.060300 ms (FindLiveObjects: 0.174100 ms CreateObjectMapping: 0.058600 ms MarkObjects: 1.713300 ms  DeleteObjects: 0.113300 ms)

========================================================================
Received Import Request.
  Time since last request: 22.795999 seconds.
  path: Assets/Prefab/EnemyS/BulletEnemy.prefab
  artifactKey: Guid(8f288d0b6d38cae4ca5ddd1aad924a1a) Importer(815301076,1909f56bfc062723c751e8b465ee728b)
Start importing Assets/Prefab/EnemyS/BulletEnemy.prefab using Guid(8f288d0b6d38cae4ca5ddd1aad924a1a) Importer(815301076,1909f56bfc062723c751e8b465ee728b)  -> (artifact id: '9fea10b298d800b2fac5457851639a4c') in 0.055099 seconds
  Import took 0.059274 seconds .

========================================================================
Received Import Request.
  Time since last request: 0.501654 seconds.
  path: Assets/Prefab/EnemyS/BulletEnemy.prefab
  artifactKey: Guid(8f288d0b6d38cae4ca5ddd1aad924a1a) Importer(815301076,1909f56bfc062723c751e8b465ee728b)
Start importing Assets/Prefab/EnemyS/BulletEnemy.prefab using Guid(8f288d0b6d38cae4ca5ddd1aad924a1a) Importer(815301076,1909f56bfc062723c751e8b465ee728b)  -> (artifact id: 'b971ee4fc28e17344a4a0277c2e56693') in 0.015314 seconds
  Import took 0.019125 seconds .

========================================================================
Received Import Request.
  Time since last request: 15.035578 seconds.
  path: Assets/Prefab/EnemyS/BulletEnemy.prefab
  artifactKey: Guid(8f288d0b6d38cae4ca5ddd1aad924a1a) Importer(815301076,1909f56bfc062723c751e8b465ee728b)
Start importing Assets/Prefab/EnemyS/BulletEnemy.prefab using Guid(8f288d0b6d38cae4ca5ddd1aad924a1a) Importer(815301076,1909f56bfc062723c751e8b465ee728b)  -> (artifact id: '451f4b01e485a3c6f25d98e4eba9fbe2') in 0.013983 seconds
  Import took 0.018161 seconds .

========================================================================
Received Prepare
Registering precompiled user dll's ...
Registered in 0.003487 seconds.
Begin MonoManager ReloadAssembly
Native extension for WindowsStandalone target not found
Refreshing native plugins compatible for Editor in 0.74 ms, found 3 plugins.
Preloading 0 native plugins for Editor in 0.00 ms.
Invoked RoslynAnalysisRunner static constructor.
RoslynAnalysisRunner will not be running.
RoslynAnalysisRunner has terminated.
RefreshInfo: StopAssetImportingV2(NoUpdateAssetOptions) scanfilter: 
RefreshProfiler: Total: 0.000ms
Mono: successfully reloaded assembly
- Completed reload, in  0.778 seconds
Platform modules already initialized, skipping
Refreshing native plugins compatible for Editor in 0.75 ms, found 3 plugins.
Preloading 0 native plugins for Editor in 0.00 ms.
Unloading 2 Unused Serialized files (Serialized files now loaded: 0)
System memory in use before: 53.7 MB.
System memory in use after: 53.8 MB.

Unloading 67 unused Assets to reduce memory usage. Loaded Objects now: 2305.
Total: 1.926000 ms (FindLiveObjects: 0.290900 ms CreateObjectMapping: 0.083500 ms MarkObjects: 1.468200 ms  DeleteObjects: 0.082100 ms)

========================================================================
Received Prepare
Registering precompiled user dll's ...
Registered in 0.003521 seconds.
Begin MonoManager ReloadAssembly
Native extension for WindowsStandalone target not found
Refreshing native plugins compatible for Editor in 0.74 ms, found 3 plugins.
Preloading 0 native plugins for Editor in 0.00 ms.
Invoked RoslynAnalysisRunner static constructor.
RoslynAnalysisRunner will not be running.
RoslynAnalysisRunner has terminated.
RefreshInfo: StopAssetImportingV2(NoUpdateAssetOptions) scanfilter: 
RefreshProfiler: Total: 0.000ms
Mono: successfully reloaded assembly
- Completed reload, in  0.723 seconds
Platform modules already initialized, skipping
Refreshing native plugins compatible for Editor in 0.75 ms, found 3 plugins.
Preloading 0 native plugins for Editor in 0.00 ms.
Unloading 2 Unused Serialized files (Serialized files now loaded: 0)
System memory in use before: 53.8 MB.
System memory in use after: 53.9 MB.

Unloading 65 unused Assets to reduce memory usage. Loaded Objects now: 2307.
Total: 2.291200 ms (FindLiveObjects: 0.266600 ms CreateObjectMapping: 0.112200 ms MarkObjects: 1.877800 ms  DeleteObjects: 0.033600 ms)

========================================================================
Received Prepare
Registering precompiled user dll's ...
Registered in 0.003389 seconds.
Begin MonoManager ReloadAssembly
Native extension for WindowsStandalone target not found
Refreshing native plugins compatible for Editor in 0.75 ms, found 3 plugins.
Preloading 0 native plugins for Editor in 0.00 ms.
Invoked RoslynAnalysisRunner static constructor.
RoslynAnalysisRunner will not be running.
RoslynAnalysisRunner has terminated.
RefreshInfo: StopAssetImportingV2(NoUpdateAssetOptions) scanfilter: 
RefreshProfiler: Total: 0.000ms
Mono: successfully reloaded assembly
- Completed reload, in  0.722 seconds
Platform modules already initialized, skipping
Refreshing native plugins compatible for Editor in 0.95 ms, found 3 plugins.
Preloading 0 native plugins for Editor in 0.00 ms.
Unloading 2 Unused Serialized files (Serialized files now loaded: 0)
System memory in use before: 53.9 MB.
System memory in use after: 54.0 MB.

Unloading 65 unused Assets to reduce memory usage. Loaded Objects now: 2309.
Total: 1.995100 ms (FindLiveObjects: 0.222200 ms CreateObjectMapping: 0.069100 ms MarkObjects: 1.675000 ms  DeleteObjects: 0.027600 ms)

========================================================================
Received Prepare
Registering precompiled user dll's ...
Registered in 0.003438 seconds.
Begin MonoManager ReloadAssembly
Native extension for WindowsStandalone target not found
Refreshing native plugins compatible for Editor in 0.76 ms, found 3 plugins.
Preloading 0 native plugins for Editor in 0.00 ms.
Invoked RoslynAnalysisRunner static constructor.
RoslynAnalysisRunner will not be running.
RoslynAnalysisRunner has terminated.
RefreshInfo: StopAssetImportingV2(NoUpdateAssetOptions) scanfilter: 
RefreshProfiler: Total: 0.000ms
Mono: successfully reloaded assembly
- Completed reload, in  0.734 seconds
Platform modules already initialized, skipping
Refreshing native plugins compatible for Editor in 1.01 ms, found 3 plugins.
Preloading 0 native plugins for Editor in 0.00 ms.
Unloading 2 Unused Serialized files (Serialized files now loaded: 0)
System memory in use before: 54.0 MB.
System memory in use after: 54.1 MB.

Unloading 65 unused Assets to reduce memory usage. Loaded Objects now: 2311.
Total: 2.162100 ms (FindLiveObjects: 0.187500 ms CreateObjectMapping: 0.064000 ms MarkObjects: 1.842300 ms  DeleteObjects: 0.067000 ms)

========================================================================
Received Prepare
Registering precompiled user dll's ...
Registered in 0.003341 seconds.
Begin MonoManager ReloadAssembly
Native extension for WindowsStandalone target not found
Refreshing native plugins compatible for Editor in 0.69 ms, found 3 plugins.
Preloading 0 native plugins for Editor in 0.00 ms.
Invoked RoslynAnalysisRunner static constructor.
RoslynAnalysisRunner will not be running.
RoslynAnalysisRunner has terminated.
RefreshInfo: StopAssetImportingV2(NoUpdateAssetOptions) scanfilter: 
RefreshProfiler: Total: 0.000ms
Mono: successfully reloaded assembly
- Completed reload, in  0.804 seconds
Platform modules already initialized, skipping
Refreshing native plugins compatible for Editor in 0.76 ms, found 3 plugins.
Preloading 0 native plugins for Editor in 0.00 ms.
Unloading 2 Unused Serialized files (Serialized files now loaded: 0)
System memory in use before: 54.1 MB.
System memory in use after: 54.2 MB.

Unloading 65 unused Assets to reduce memory usage. Loaded Objects now: 2313.
Total: 2.263000 ms (FindLiveObjects: 0.207600 ms CreateObjectMapping: 0.065200 ms MarkObjects: 1.962800 ms  DeleteObjects: 0.026300 ms)

========================================================================
Received Prepare
Registering precompiled user dll's ...
Registered in 0.004003 seconds.
Begin MonoManager ReloadAssembly
Native extension for WindowsStandalone target not found
Refreshing native plugins compatible for Editor in 0.84 ms, found 3 plugins.
Preloading 0 native plugins for Editor in 0.00 ms.
Invoked RoslynAnalysisRunner static constructor.
RoslynAnalysisRunner will not be running.
RoslynAnalysisRunner has terminated.
RefreshInfo: StopAssetImportingV2(NoUpdateAssetOptions) scanfilter: 
RefreshProfiler: Total: 0.000ms
Mono: successfully reloaded assembly
- Completed reload, in  0.778 seconds
Platform modules already initialized, skipping
Refreshing native plugins compatible for Editor in 0.71 ms, found 3 plugins.
Preloading 0 native plugins for Editor in 0.00 ms.
Unloading 2 Unused Serialized files (Serialized files now loaded: 0)
System memory in use before: 54.2 MB.
System memory in use after: 54.3 MB.

Unloading 65 unused Assets to reduce memory usage. Loaded Objects now: 2315.
Total: 1.898300 ms (FindLiveObjects: 0.206400 ms CreateObjectMapping: 0.087200 ms MarkObjects: 1.576300 ms  DeleteObjects: 0.027300 ms)

========================================================================
Received Prepare
Registering precompiled user dll's ...
Registered in 0.004882 seconds.
Begin MonoManager ReloadAssembly
Native extension for WindowsStandalone target not found
Refreshing native plugins compatible for Editor in 0.81 ms, found 3 plugins.
Preloading 0 native plugins for Editor in 0.00 ms.
Invoked RoslynAnalysisRunner static constructor.
RoslynAnalysisRunner will not be running.
RoslynAnalysisRunner has terminated.
RefreshInfo: StopAssetImportingV2(NoUpdateAssetOptions) scanfilter: 
RefreshProfiler: Total: 0.000ms
Mono: successfully reloaded assembly
- Completed reload, in  0.729 seconds
Platform modules already initialized, skipping
Refreshing native plugins compatible for Editor in 0.71 ms, found 3 plugins.
Preloading 0 native plugins for Editor in 0.00 ms.
Unloading 2 Unused Serialized files (Serialized files now loaded: 0)
System memory in use before: 54.2 MB.
System memory in use after: 54.3 MB.

Unloading 65 unused Assets to reduce memory usage. Loaded Objects now: 2317.
Total: 1.920900 ms (FindLiveObjects: 0.314100 ms CreateObjectMapping: 0.104700 ms MarkObjects: 1.474600 ms  DeleteObjects: 0.026600 ms)

========================================================================
Received Prepare
Registering precompiled user dll's ...
Registered in 0.004097 seconds.
Begin MonoManager ReloadAssembly
Native extension for WindowsStandalone target not found
Refreshing native plugins compatible for Editor in 0.74 ms, found 3 plugins.
Preloading 0 native plugins for Editor in 0.00 ms.
Invoked RoslynAnalysisRunner static constructor.
RoslynAnalysisRunner will not be running.
RoslynAnalysisRunner has terminated.
RefreshInfo: StopAssetImportingV2(NoUpdateAssetOptions) scanfilter: 
RefreshProfiler: Total: 0.000ms
Mono: successfully reloaded assembly
- Completed reload, in  0.729 seconds
Platform modules already initialized, skipping
Refreshing native plugins compatible for Editor in 0.87 ms, found 3 plugins.
Preloading 0 native plugins for Editor in 0.00 ms.
Unloading 2 Unused Serialized files (Serialized files now loaded: 0)
System memory in use before: 54.4 MB.
System memory in use after: 54.5 MB.

Unloading 65 unused Assets to reduce memory usage. Loaded Objects now: 2319.
Total: 2.377800 ms (FindLiveObjects: 0.302100 ms CreateObjectMapping: 0.138700 ms MarkObjects: 1.872300 ms  DeleteObjects: 0.063700 ms)

========================================================================
Received Prepare
Registering precompiled user dll's ...
Registered in 0.004836 seconds.
Begin MonoManager ReloadAssembly
Native extension for WindowsStandalone target not found
Refreshing native plugins compatible for Editor in 0.74 ms, found 3 plugins.
Preloading 0 native plugins for Editor in 0.00 ms.
Invoked RoslynAnalysisRunner static constructor.
RoslynAnalysisRunner will not be running.
RoslynAnalysisRunner has terminated.
RefreshInfo: StopAssetImportingV2(NoUpdateAssetOptions) scanfilter: 
RefreshProfiler: Total: 0.000ms
Mono: successfully reloaded assembly
- Completed reload, in  0.827 seconds
Platform modules already initialized, skipping
Refreshing native plugins compatible for Editor in 0.74 ms, found 3 plugins.
Preloading 0 native plugins for Editor in 0.00 ms.
Unloading 2 Unused Serialized files (Serialized files now loaded: 0)
System memory in use before: 54.5 MB.
System memory in use after: 54.6 MB.

Unloading 65 unused Assets to reduce memory usage. Loaded Objects now: 2321.
Total: 2.428200 ms (FindLiveObjects: 0.543200 ms CreateObjectMapping: 0.098700 ms MarkObjects: 1.757400 ms  DeleteObjects: 0.027200 ms)

========================================================================
Received Import Request.
  Time since last request: 901.662622 seconds.
  path: ProjectSettings/TagManager.asset
  artifactKey: Guid(00000000000000003000000000000000) Importer(815301076,1909f56bfc062723c751e8b465ee728b)
Start importing ProjectSettings/TagManager.asset using Guid(00000000000000003000000000000000) Importer(815301076,1909f56bfc062723c751e8b465ee728b)  -> (artifact id: 'f5d68c1f480ee38ef44f065612bc3097') in 0.021571 seconds
  Import took 0.025014 seconds .

========================================================================
Received Import Request.
  Time since last request: 6484.505351 seconds.
  path: Assets/Sprites/Camera Effect/WhitCircle.png
  artifactKey: Guid(602395c2e4306514e8c96f3efc0d4bf6) Importer(815301076,1909f56bfc062723c751e8b465ee728b)
Start importing Assets/Sprites/Camera Effect/WhitCircle.png using Guid(602395c2e4306514e8c96f3efc0d4bf6) Importer(815301076,1909f56bfc062723c751e8b465ee728b)  -> (artifact id: '5055213a60a16e784c873a808ed2e3f3') in 0.282441 seconds
  Import took 0.287497 seconds .

========================================================================
Received Import Request.
  Time since last request: 0.000378 seconds.
  path: Assets/Sprites/Camera Effect/WhitPanel.png
  artifactKey: Guid(1fe73c24c357864478ed85921dc36ada) Importer(815301076,1909f56bfc062723c751e8b465ee728b)
Start importing Assets/Sprites/Camera Effect/WhitPanel.png using Guid(1fe73c24c357864478ed85921dc36ada) Importer(815301076,1909f56bfc062723c751e8b465ee728b)  -> (artifact id: 'a726d36ff3601e69486caf63e1e9af2a') in 0.070649 seconds
  Import took 0.074927 seconds .

========================================================================
Received Import Request.
  Time since last request: 0.000442 seconds.
  path: Assets/Sprites/Camera Effect/WhitCircle.png
  artifactKey: Guid(602395c2e4306514e8c96f3efc0d4bf6) Importer(815301076,1909f56bfc062723c751e8b465ee728b)
Start importing Assets/Sprites/Camera Effect/WhitCircle.png using Guid(602395c2e4306514e8c96f3efc0d4bf6) Importer(815301076,1909f56bfc062723c751e8b465ee728b)  -> (artifact id: '5055213a60a16e784c873a808ed2e3f3') in 0.022972 seconds
  Import took 0.027604 seconds .

========================================================================
Received Import Request.
  Time since last request: 0.000233 seconds.
  path: Assets/Sprites/Camera Effect/WhitPanel.png
  artifactKey: Guid(1fe73c24c357864478ed85921dc36ada) Importer(815301076,1909f56bfc062723c751e8b465ee728b)
Start importing Assets/Sprites/Camera Effect/WhitPanel.png using Guid(1fe73c24c357864478ed85921dc36ada) Importer(815301076,1909f56bfc062723c751e8b465ee728b)  -> (artifact id: 'a726d36ff3601e69486caf63e1e9af2a') in 0.013149 seconds
  Import took 0.017625 seconds .

========================================================================
Received Prepare
Registering precompiled user dll's ...
Registered in 0.005251 seconds.
Begin MonoManager ReloadAssembly
Native extension for WindowsStandalone target not found
Refreshing native plugins compatible for Editor in 0.81 ms, found 3 plugins.
Preloading 0 native plugins for Editor in 0.00 ms.
Invoked RoslynAnalysisRunner static constructor.
RoslynAnalysisRunner will not be running.
RoslynAnalysisRunner has terminated.
RefreshInfo: StopAssetImportingV2(NoUpdateAssetOptions) scanfilter: 
RefreshProfiler: Total: 0.000ms
Mono: successfully reloaded assembly
- Completed reload, in  0.730 seconds
Platform modules already initialized, skipping
Refreshing native plugins compatible for Editor in 1.07 ms, found 3 plugins.
Preloading 0 native plugins for Editor in 0.00 ms.
Unloading 2 Unused Serialized files (Serialized files now loaded: 0)
System memory in use before: 54.6 MB.
System memory in use after: 54.7 MB.

Unloading 66 unused Assets to reduce memory usage. Loaded Objects now: 2328.
Total: 1.917600 ms (FindLiveObjects: 0.179500 ms CreateObjectMapping: 0.056200 ms MarkObjects: 1.655800 ms  DeleteObjects: 0.025300 ms)

========================================================================
Received Import Request.
  Time since last request: 1817.295675 seconds.
  path: Assets/Sprites/Camera Effect
  artifactKey: Guid(90f86637348844f459d83917f03e9c9f) Importer(815301076,1909f56bfc062723c751e8b465ee728b)
Start importing Assets/Sprites/Camera Effect using Guid(90f86637348844f459d83917f03e9c9f) Importer(815301076,1909f56bfc062723c751e8b465ee728b)  -> (artifact id: '143af95b923ab977d454f8205b7f7197') in 0.011290 seconds
  Import took 0.015067 seconds .

========================================================================
Received Import Request.
  Time since last request: 9.893391 seconds.
  path: Assets/Sprites/Camera Effect/WhitPanel.png
  artifactKey: Guid(1fe73c24c357864478ed85921dc36ada) Importer(815301076,1909f56bfc062723c751e8b465ee728b)
Start importing Assets/Sprites/Camera Effect/WhitPanel.png using Guid(1fe73c24c357864478ed85921dc36ada) Importer(815301076,1909f56bfc062723c751e8b465ee728b)  -> (artifact id: 'a1c8ac3d9228958ec1055fc9bc800fb5') in 0.063724 seconds
  Import took 0.066589 seconds .

========================================================================
Received Import Request.
  Time since last request: 13.013087 seconds.
  path: Assets/Sprites/Camera Effect/WhitPanel.png
  artifactKey: Guid(1fe73c24c357864478ed85921dc36ada) Importer(815301076,1909f56bfc062723c751e8b465ee728b)
Start importing Assets/Sprites/Camera Effect/WhitPanel.png using Guid(1fe73c24c357864478ed85921dc36ada) Importer(815301076,1909f56bfc062723c751e8b465ee728b)  -> (artifact id: 'dc92addca8dbae5e769c27608ead56c1') in 0.051585 seconds
  Import took 0.054612 seconds .

========================================================================
Received Import Request.
  Time since last request: 12.995857 seconds.
  path: Assets/Sprites/Camera Effect/WhitPanel.png
  artifactKey: Guid(1fe73c24c357864478ed85921dc36ada) Importer(815301076,1909f56bfc062723c751e8b465ee728b)
Start importing Assets/Sprites/Camera Effect/WhitPanel.png using Guid(1fe73c24c357864478ed85921dc36ada) Importer(815301076,1909f56bfc062723c751e8b465ee728b)  -> (artifact id: '903f3761d3c617077d8a80ee19c72f82') in 0.023258 seconds
  Import took 0.027030 seconds .

========================================================================
Received Import Request.
  Time since last request: 114.100605 seconds.
  path: Assets/Animatinos/Player/PlayerAnimator.controller
  artifactKey: Guid(eb61c1556c514de4ab25d21d4cb76cdf) Importer(815301076,1909f56bfc062723c751e8b465ee728b)
Start importing Assets/Animatinos/Player/PlayerAnimator.controller using Guid(eb61c1556c514de4ab25d21d4cb76cdf) Importer(815301076,1909f56bfc062723c751e8b465ee728b)  -> (artifact id: 'e21885c57c4fb39b2317244d032d4427') in 0.204117 seconds
  Import took 0.208844 seconds .

========================================================================
Received Import Request.
  Time since last request: 146.642642 seconds.
  path: Assets/Animatinos
  artifactKey: Guid(36c6d3b9c8c096242a1ef2bdb49e347a) Importer(815301076,1909f56bfc062723c751e8b465ee728b)
Start importing Assets/Animatinos using Guid(36c6d3b9c8c096242a1ef2bdb49e347a) Importer(815301076,1909f56bfc062723c751e8b465ee728b)  -> (artifact id: 'f98bea08222582508285d223038d7d5e') in 0.030293 seconds
  Import took 0.034575 seconds .

========================================================================
Received Import Request.
  Time since last request: 4.033668 seconds.
  path: Assets/Animatinos/Camera
  artifactKey: Guid(16d6ff0f2a4f36346a33501141a47854) Importer(815301076,1909f56bfc062723c751e8b465ee728b)
Start importing Assets/Animatinos/Camera using Guid(16d6ff0f2a4f36346a33501141a47854) Importer(815301076,1909f56bfc062723c751e8b465ee728b)  -> (artifact id: '6323962c78e2c94f1fde9d99ae90e8b8') in 0.008807 seconds
  Import took 0.012113 seconds .

========================================================================
Received Import Request.
  Time since last request: 0.000893 seconds.
  path: Assets/Animatinos/Camera
  artifactKey: Guid(16d6ff0f2a4f36346a33501141a47854) Importer(815301076,1909f56bfc062723c751e8b465ee728b)
Start importing Assets/Animatinos/Camera using Guid(16d6ff0f2a4f36346a33501141a47854) Importer(815301076,1909f56bfc062723c751e8b465ee728b)  -> (artifact id: '6323962c78e2c94f1fde9d99ae90e8b8') in 0.004244 seconds
  Import took 0.007546 seconds .

========================================================================
Received Import Request.
  Time since last request: 13.263813 seconds.
  path: Assets/Animatinos/Camera/EnterHumanVision.anim
  artifactKey: Guid(241d6e978407bf44aab4c740568e6963) Importer(815301076,1909f56bfc062723c751e8b465ee728b)
Start importing Assets/Animatinos/Camera/EnterHumanVision.anim using Guid(241d6e978407bf44aab4c740568e6963) Importer(815301076,1909f56bfc062723c751e8b465ee728b)  -> (artifact id: '904c9ed3045c772ec5d5eb38a2d15707') in 0.010865 seconds
  Import took 0.014794 seconds .

========================================================================
Received Import Request.
  Time since last request: 8.975512 seconds.
  path: Assets/Animatinos/Camera/EnterMechaVision.anim
  artifactKey: Guid(e0c1cac792d69a04582527a2a9cec0d5) Importer(815301076,1909f56bfc062723c751e8b465ee728b)
Start importing Assets/Animatinos/Camera/EnterMechaVision.anim using Guid(e0c1cac792d69a04582527a2a9cec0d5) Importer(815301076,1909f56bfc062723c751e8b465ee728b)  -> (artifact id: '3ba51e072b5e5f6b2a2563dfd821e790') in 0.010340 seconds
  Import took 0.014510 seconds .

========================================================================
Received Prepare
Registering precompiled user dll's ...
Registered in 0.004489 seconds.
Begin MonoManager ReloadAssembly
Native extension for WindowsStandalone target not found
Refreshing native plugins compatible for Editor in 0.76 ms, found 3 plugins.
Preloading 0 native plugins for Editor in 0.00 ms.
Invoked RoslynAnalysisRunner static constructor.
RoslynAnalysisRunner will not be running.
RoslynAnalysisRunner has terminated.
RefreshInfo: StopAssetImportingV2(NoUpdateAssetOptions) scanfilter: 
RefreshProfiler: Total: 0.000ms
Mono: successfully reloaded assembly
- Completed reload, in  0.757 seconds
Platform modules already initialized, skipping
Refreshing native plugins compatible for Editor in 0.78 ms, found 3 plugins.
Preloading 0 native plugins for Editor in 0.00 ms.
Unloading 2 Unused Serialized files (Serialized files now loaded: 0)
System memory in use before: 54.9 MB.
System memory in use after: 55.0 MB.

Unloading 65 unused Assets to reduce memory usage. Loaded Objects now: 2331.
Total: 2.745200 ms (FindLiveObjects: 0.392900 ms CreateObjectMapping: 0.272800 ms MarkObjects: 2.045000 ms  DeleteObjects: 0.033200 ms)

========================================================================
Received Prepare
Registering precompiled user dll's ...
Registered in 0.003372 seconds.
Begin MonoManager ReloadAssembly
Native extension for WindowsStandalone target not found
Refreshing native plugins compatible for Editor in 0.84 ms, found 3 plugins.
Preloading 0 native plugins for Editor in 0.00 ms.
Invoked RoslynAnalysisRunner static constructor.
RoslynAnalysisRunner will not be running.
RoslynAnalysisRunner has terminated.
RefreshInfo: StopAssetImportingV2(NoUpdateAssetOptions) scanfilter: 
RefreshProfiler: Total: 0.000ms
Mono: successfully reloaded assembly
- Completed reload, in  0.780 seconds
Platform modules already initialized, skipping
Refreshing native plugins compatible for Editor in 1.44 ms, found 3 plugins.
Preloading 0 native plugins for Editor in 0.00 ms.
Unloading 2 Unused Serialized files (Serialized files now loaded: 0)
System memory in use before: 55.0 MB.
System memory in use after: 55.1 MB.

Unloading 65 unused Assets to reduce memory usage. Loaded Objects now: 2333.
Total: 3.474300 ms (FindLiveObjects: 0.205700 ms CreateObjectMapping: 0.066100 ms MarkObjects: 3.169500 ms  DeleteObjects: 0.032100 ms)

========================================================================
Received Import Request.
  Time since last request: 359.032209 seconds.
  path: Assets/Prefab/Player/Player.prefab
  artifactKey: Guid(fd7f163d5ee077f439cad36706f08132) Importer(815301076,1909f56bfc062723c751e8b465ee728b)
Start importing Assets/Prefab/Player/Player.prefab using Guid(fd7f163d5ee077f439cad36706f08132) Importer(815301076,1909f56bfc062723c751e8b465ee728b)  -> (artifact id: '09c1639d511c179c6003ae9499f699a3') in 0.325917 seconds
  Import took 0.330775 seconds .

========================================================================
Received Prepare
Registering precompiled user dll's ...
Registered in 0.003324 seconds.
Begin MonoManager ReloadAssembly
Native extension for WindowsStandalone target not found
Refreshing native plugins compatible for Editor in 0.71 ms, found 3 plugins.
Preloading 0 native plugins for Editor in 0.00 ms.
Invoked RoslynAnalysisRunner static constructor.
RoslynAnalysisRunner will not be running.
RoslynAnalysisRunner has terminated.
RefreshInfo: StopAssetImportingV2(NoUpdateAssetOptions) scanfilter: 
RefreshProfiler: Total: 0.000ms
Mono: successfully reloaded assembly
- Completed reload, in  0.734 seconds
Platform modules already initialized, skipping
Refreshing native plugins compatible for Editor in 0.81 ms, found 3 plugins.
Preloading 0 native plugins for Editor in 0.00 ms.
Unloading 2 Unused Serialized files (Serialized files now loaded: 0)
System memory in use before: 55.2 MB.
System memory in use after: 55.3 MB.

Unloading 67 unused Assets to reduce memory usage. Loaded Objects now: 2338.
Total: 1.982500 ms (FindLiveObjects: 0.188200 ms CreateObjectMapping: 0.057000 ms MarkObjects: 1.680700 ms  DeleteObjects: 0.056000 ms)

========================================================================
Received Prepare
Registering precompiled user dll's ...
Registered in 0.003621 seconds.
Begin MonoManager ReloadAssembly
Native extension for WindowsStandalone target not found
Refreshing native plugins compatible for Editor in 1.21 ms, found 3 plugins.
Preloading 0 native plugins for Editor in 0.00 ms.
Invoked RoslynAnalysisRunner static constructor.
RoslynAnalysisRunner will not be running.
RoslynAnalysisRunner has terminated.
RefreshInfo: StopAssetImportingV2(NoUpdateAssetOptions) scanfilter: 
RefreshProfiler: Total: 0.000ms
Mono: successfully reloaded assembly
- Completed reload, in  0.794 seconds
Platform modules already initialized, skipping
Refreshing native plugins compatible for Editor in 0.81 ms, found 3 plugins.
Preloading 0 native plugins for Editor in 0.00 ms.
Unloading 2 Unused Serialized files (Serialized files now loaded: 0)
System memory in use before: 55.3 MB.
System memory in use after: 55.4 MB.

Unloading 65 unused Assets to reduce memory usage. Loaded Objects now: 2340.
Total: 1.950200 ms (FindLiveObjects: 0.182000 ms CreateObjectMapping: 0.064600 ms MarkObjects: 1.641600 ms  DeleteObjects: 0.060700 ms)

========================================================================
Received Prepare
Registering precompiled user dll's ...
Registered in 0.004928 seconds.
Begin MonoManager ReloadAssembly
Native extension for WindowsStandalone target not found
Refreshing native plugins compatible for Editor in 0.71 ms, found 3 plugins.
Preloading 0 native plugins for Editor in 0.00 ms.
Invoked RoslynAnalysisRunner static constructor.
RoslynAnalysisRunner will not be running.
RoslynAnalysisRunner has terminated.
RefreshInfo: StopAssetImportingV2(NoUpdateAssetOptions) scanfilter: 
RefreshProfiler: Total: 0.000ms
Mono: successfully reloaded assembly
- Completed reload, in  0.771 seconds
Platform modules already initialized, skipping
Refreshing native plugins compatible for Editor in 0.69 ms, found 3 plugins.
Preloading 0 native plugins for Editor in 0.00 ms.
Unloading 2 Unused Serialized files (Serialized files now loaded: 0)
System memory in use before: 55.4 MB.
System memory in use after: 55.5 MB.

Unloading 65 unused Assets to reduce memory usage. Loaded Objects now: 2342.
Total: 1.885500 ms (FindLiveObjects: 0.189500 ms CreateObjectMapping: 0.073000 ms MarkObjects: 1.596900 ms  DeleteObjects: 0.025200 ms)

========================================================================
Received Import Request.
  Time since last request: 216.501527 seconds.
  path: Assets/Animatinos/Player/PlayerAnimator.controller
  artifactKey: Guid(eb61c1556c514de4ab25d21d4cb76cdf) Importer(815301076,1909f56bfc062723c751e8b465ee728b)
Start importing Assets/Animatinos/Player/PlayerAnimator.controller using Guid(eb61c1556c514de4ab25d21d4cb76cdf) Importer(815301076,1909f56bfc062723c751e8b465ee728b)  -> (artifact id: '3f79cabb9ddd5bf57e6325b13abbd74b') in 0.015489 seconds
  Import took 0.020227 seconds .

========================================================================
Received Prepare
Registering precompiled user dll's ...
Registered in 0.004124 seconds.
Begin MonoManager ReloadAssembly
Native extension for WindowsStandalone target not found
Refreshing native plugins compatible for Editor in 0.72 ms, found 3 plugins.
Preloading 0 native plugins for Editor in 0.00 ms.
Invoked RoslynAnalysisRunner static constructor.
RoslynAnalysisRunner will not be running.
RoslynAnalysisRunner has terminated.
RefreshInfo: StopAssetImportingV2(NoUpdateAssetOptions) scanfilter: 
RefreshProfiler: Total: 0.000ms
Mono: successfully reloaded assembly
- Completed reload, in  0.757 seconds
Platform modules already initialized, skipping
Refreshing native plugins compatible for Editor in 0.72 ms, found 3 plugins.
Preloading 0 native plugins for Editor in 0.00 ms.
Unloading 2 Unused Serialized files (Serialized files now loaded: 0)
System memory in use before: 55.5 MB.
System memory in use after: 55.6 MB.

Unloading 65 unused Assets to reduce memory usage. Loaded Objects now: 2344.
Total: 1.890800 ms (FindLiveObjects: 0.175600 ms CreateObjectMapping: 0.067300 ms MarkObjects: 1.611800 ms  DeleteObjects: 0.035300 ms)

========================================================================
Received Prepare
Registering precompiled user dll's ...
Registered in 0.003435 seconds.
Begin MonoManager ReloadAssembly
Native extension for WindowsStandalone target not found
Refreshing native plugins compatible for Editor in 0.72 ms, found 3 plugins.
Preloading 0 native plugins for Editor in 0.00 ms.
Invoked RoslynAnalysisRunner static constructor.
RoslynAnalysisRunner will not be running.
RoslynAnalysisRunner has terminated.
RefreshInfo: StopAssetImportingV2(NoUpdateAssetOptions) scanfilter: 
RefreshProfiler: Total: 0.000ms
Mono: successfully reloaded assembly
- Completed reload, in  0.772 seconds
Platform modules already initialized, skipping
Refreshing native plugins compatible for Editor in 0.80 ms, found 3 plugins.
Preloading 0 native plugins for Editor in 0.00 ms.
Unloading 2 Unused Serialized files (Serialized files now loaded: 0)
System memory in use before: 55.6 MB.
System memory in use after: 55.7 MB.

Unloading 65 unused Assets to reduce memory usage. Loaded Objects now: 2346.
Total: 2.120500 ms (FindLiveObjects: 0.271700 ms CreateObjectMapping: 0.098400 ms MarkObjects: 1.720900 ms  DeleteObjects: 0.028700 ms)

AssetImportWorkerClient::OnTransportError - code=2 error=End of file
