Using pre-set license
Built from '2020.2/release' branch; Version is '2020.2.2f1 (068178b99f32) revision 426360'; Using compiler version '192528614'; Build Type 'Release'
OS: 'Windows 10 Home Single Language; OS build 18363.1082; Version 1909; 64bit' Language: 'pt' Physical Memory: 8064 MB
BatchMode: 1, IsHumanControllingUs: 0, StartBugReporterOnCrash: 0, Is64bit: 1, IsPro: 0

 COMMAND LINE ARGUMENTS:
C:\Program Files\Unity\Hub\Editor\2020.2.2f1\Editor\Unity.exe
-adb2
-batchMode
-noUpm
-name
AssetImportWorker0
-projectPath
C:/Users/Dell/Documents/Jogos/Global Game Jam 2021
-logFile
Logs/AssetImportWorker0.log
-srvPort
56783
Successfully changed project path to: C:/Users/Dell/Documents/Jogos/Global Game Jam 2021
C:/Users/Dell/Documents/Jogos/Global Game Jam 2021
Using Asset Import Pipeline V2.
Refreshing native plugins compatible for Editor in 57.42 ms, found 3 plugins.
Preloading 0 native plugins for Editor in 0.00 ms.
Initialize engine version: 2020.2.2f1 (068178b99f32)
[Subsystems] Discovering subsystems at path C:/Program Files/Unity/Hub/Editor/2020.2.2f1/Editor/Data/Resources/UnitySubsystems
[Subsystems] Discovering subsystems at path C:/Users/Dell/Documents/Jogos/Global Game Jam 2021/Assets
GfxDevice: creating device client; threaded=0
Direct3D:
    Version:  Direct3D 11.0 [level 11.0]
    Renderer: NVIDIA GeForce MX130 (ID=0x174d)
    Vendor:   
    VRAM:     2010 MB
    Driver:   27.21.14.5167
Initialize mono
Mono path[0] = 'C:/Program Files/Unity/Hub/Editor/2020.2.2f1/Editor/Data/Managed'
Mono path[1] = 'C:/Program Files/Unity/Hub/Editor/2020.2.2f1/Editor/Data/MonoBleedingEdge/lib/mono/unityjit'
Mono config path = 'C:/Program Files/Unity/Hub/Editor/2020.2.2f1/Editor/Data/MonoBleedingEdge/etc'
Using monoOptions --debugger-agent=transport=dt_socket,embedding=1,server=y,suspend=n,address=127.0.0.1:56380
Begin MonoManager ReloadAssembly
Registering precompiled unity dll's ...
Register platform support module: C:/Program Files/Unity/Hub/Editor/2020.2.2f1/Editor/Data/PlaybackEngines/WindowsStandaloneSupport/UnityEditor.WindowsStandalone.Extensions.dll
Registered in 0.001488 seconds.
Native extension for WindowsStandalone target not found
Refreshing native plugins compatible for Editor in 35.75 ms, found 3 plugins.
Preloading 0 native plugins for Editor in 0.00 ms.
Invoked RoslynAnalysisRunner static constructor.
RoslynAnalysisRunner will not be running.
RoslynAnalysisRunner has terminated.
Mono: successfully reloaded assembly
- Completed reload, in  1.866 seconds
Platform modules already initialized, skipping
Registering precompiled user dll's ...
Registered in 0.003201 seconds.
Begin MonoManager ReloadAssembly
Native extension for WindowsStandalone target not found
Refreshing native plugins compatible for Editor in 40.90 ms, found 3 plugins.
Preloading 0 native plugins for Editor in 0.00 ms.
Invoked RoslynAnalysisRunner static constructor.
RoslynAnalysisRunner will not be running.
RoslynAnalysisRunner has terminated.
RefreshInfo: StopAssetImportingV2(NoUpdateAssetOptions) scanfilter: 
RefreshProfiler: Total: 0.000ms
Mono: successfully reloaded assembly
- Completed reload, in  1.985 seconds
Platform modules already initialized, skipping
========================================================================
Worker process is ready to serve import requests
Launched and connected shader compiler UnityShaderCompiler.exe after 0.19 seconds
Refreshing native plugins compatible for Editor in 0.98 ms, found 3 plugins.
Preloading 0 native plugins for Editor in 0.00 ms.
Unloading 8 Unused Serialized files (Serialized files now loaded: 0)
System memory in use before: 50.8 MB.
System memory in use after: 50.9 MB.

Unloading 74 unused Assets to reduce memory usage. Loaded Objects now: 2299.
Total: 2.316700 ms (FindLiveObjects: 0.234400 ms CreateObjectMapping: 0.099300 ms MarkObjects: 1.936000 ms  DeleteObjects: 0.045900 ms)

========================================================================
Received Import Request.
  path: Assets/Prefab/Player/Player.prefab
  artifactKey: Guid(fd7f163d5ee077f439cad36706f08132) Importer(815301076,1909f56bfc062723c751e8b465ee728b)
Start importing Assets/Prefab/Player/Player.prefab using Guid(fd7f163d5ee077f439cad36706f08132) Importer(815301076,1909f56bfc062723c751e8b465ee728b)  -> (artifact id: 'bcde14df9ed3c1436f3f12f1f8cd5944') in 0.238796 seconds
  Import took 0.243603 seconds .

========================================================================
Received Import Request.
  Time since last request: 0.000395 seconds.
  path: Assets/Prefab/EnemyS/EnemyUnit.prefab
  artifactKey: Guid(7edf7d4b7efdd2b48b646a76d48a75e0) Importer(815301076,1909f56bfc062723c751e8b465ee728b)
Start importing Assets/Prefab/EnemyS/EnemyUnit.prefab using Guid(7edf7d4b7efdd2b48b646a76d48a75e0) Importer(815301076,1909f56bfc062723c751e8b465ee728b)  -> (artifact id: '20511b4fb0948c3ef0a005cf997462d3') in 0.020013 seconds
  Import took 0.024105 seconds .

========================================================================
Received Import Request.
  Time since last request: 0.000358 seconds.
  path: Assets/Material/Sprite_Additive.mat
  artifactKey: Guid(d0659c6436fbb65478beff00a5f297ae) Importer(815301076,1909f56bfc062723c751e8b465ee728b)
Start importing Assets/Material/Sprite_Additive.mat using Guid(d0659c6436fbb65478beff00a5f297ae) Importer(815301076,1909f56bfc062723c751e8b465ee728b)  -> (artifact id: '2be42e579d03e7fde39d63c0095eef71') in 0.291340 seconds
  Import took 0.295217 seconds .

========================================================================
Received Import Request.
  Time since last request: 0.000377 seconds.
  path: Assets/Prefab/EnemyS/BulletEnemy.prefab
  artifactKey: Guid(8f288d0b6d38cae4ca5ddd1aad924a1a) Importer(815301076,1909f56bfc062723c751e8b465ee728b)
Start importing Assets/Prefab/EnemyS/BulletEnemy.prefab using Guid(8f288d0b6d38cae4ca5ddd1aad924a1a) Importer(815301076,1909f56bfc062723c751e8b465ee728b)  -> (artifact id: 'f2c89e4b833c8fdeb6003a0b4b7f8b03') in 0.021579 seconds
  Import took 0.025624 seconds .

========================================================================
Received Import Request.
  Time since last request: 0.000318 seconds.
  path: Assets/Prefab/EnemyS/EnemySpawnBox.prefab
  artifactKey: Guid(5ce5a45fdfc188340bed67c16e655709) Importer(815301076,1909f56bfc062723c751e8b465ee728b)
Start importing Assets/Prefab/EnemyS/EnemySpawnBox.prefab using Guid(5ce5a45fdfc188340bed67c16e655709) Importer(815301076,1909f56bfc062723c751e8b465ee728b)  -> (artifact id: 'cfa5b911cabb5f17921a388f1f8ae4d5') in 0.012280 seconds
  Import took 0.015989 seconds .

========================================================================
Received Import Request.
  Time since last request: 0.000333 seconds.
  path: Assets/Prefab/Player/BulletPlayer.prefab
  artifactKey: Guid(cb36ec0ea19c993479918841e9518df7) Importer(815301076,1909f56bfc062723c751e8b465ee728b)
Start importing Assets/Prefab/Player/BulletPlayer.prefab using Guid(cb36ec0ea19c993479918841e9518df7) Importer(815301076,1909f56bfc062723c751e8b465ee728b)  -> (artifact id: '99dc88427f0fca77c2050e58d7a7c517') in 0.025324 seconds
  Import took 0.029885 seconds .

========================================================================
Received Prepare
Registering precompiled user dll's ...
Registered in 0.004794 seconds.
Begin MonoManager ReloadAssembly
Native extension for WindowsStandalone target not found
Refreshing native plugins compatible for Editor in 1.25 ms, found 3 plugins.
Preloading 0 native plugins for Editor in 0.00 ms.
Invoked RoslynAnalysisRunner static constructor.
RoslynAnalysisRunner will not be running.
RoslynAnalysisRunner has terminated.
RefreshInfo: StopAssetImportingV2(NoUpdateAssetOptions) scanfilter: 
RefreshProfiler: Total: 0.000ms
Mono: successfully reloaded assembly
- Completed reload, in  1.500 seconds
Platform modules already initialized, skipping
Refreshing native plugins compatible for Editor in 1.19 ms, found 3 plugins.
Preloading 0 native plugins for Editor in 0.00 ms.
Unloading 2 Unused Serialized files (Serialized files now loaded: 0)
System memory in use before: 54.6 MB.
System memory in use after: 54.7 MB.

Unloading 66 unused Assets to reduce memory usage. Loaded Objects now: 2342.
Total: 2.963100 ms (FindLiveObjects: 0.229800 ms CreateObjectMapping: 0.097200 ms MarkObjects: 2.544400 ms  DeleteObjects: 0.090400 ms)

========================================================================
Received Prepare
Registering precompiled user dll's ...
Registered in 0.003156 seconds.
Begin MonoManager ReloadAssembly
Native extension for WindowsStandalone target not found
Refreshing native plugins compatible for Editor in 1.09 ms, found 3 plugins.
Preloading 0 native plugins for Editor in 0.00 ms.
Invoked RoslynAnalysisRunner static constructor.
RoslynAnalysisRunner will not be running.
RoslynAnalysisRunner has terminated.
RefreshInfo: StopAssetImportingV2(NoUpdateAssetOptions) scanfilter: 
RefreshProfiler: Total: 0.000ms
Mono: successfully reloaded assembly
- Completed reload, in  0.844 seconds
Platform modules already initialized, skipping
Refreshing native plugins compatible for Editor in 0.91 ms, found 3 plugins.
Preloading 0 native plugins for Editor in 0.00 ms.
Unloading 2 Unused Serialized files (Serialized files now loaded: 0)
System memory in use before: 54.8 MB.
System memory in use after: 54.9 MB.

Unloading 64 unused Assets to reduce memory usage. Loaded Objects now: 2344.
Total: 2.154800 ms (FindLiveObjects: 0.215100 ms CreateObjectMapping: 0.081400 ms MarkObjects: 1.832600 ms  DeleteObjects: 0.024900 ms)

AssetImportWorkerClient::OnTransportError - code=2 error=End of file
